# JRE version: Java(TM) SE Runtime Environment (8.0_131-b11) (build 1.8.0_131-b11)
# Java VM: Java HotSpot(TM) 64-Bit Server VM (25.131-b11 mixed mode windows-amd64 compressed oops)
Heap:
 PSYoungGen      total 326144K, used 60144K [0x00000000d5d80000, 0x00000000ede00000, 0x0000000100000000)
  eden space 301568K, 16% used [0x00000000d5d80000,0x00000000d8f0b510,0x00000000e8400000)
  from space 24576K, 38% used [0x00000000e9b80000,0x00000000ea4b0ea0,0x00000000eb380000)
  to   space 24064K, 0% used [0x00000000e8400000,0x00000000e8400000,0x00000000e9b80000)
 ParOldGen       total 105472K, used 39317K [0x0000000081800000, 0x0000000087f00000, 0x00000000d5d80000)
  object space 105472K, 37% used [0x0000000081800000,0x0000000083e656b8,0x0000000087f00000)
 Metaspace       used 55791K, capacity 56884K, committed 56960K, reserved 1099776K
  class space    used 7252K, capacity 7497K, committed 7552K, reserved 1048576K
GC Heap History (10 events):
Event: 24.745 GC heap before
{Heap before GC invocations=13 (full 2):
 PSYoungGen      total 267776K, used 267670K [0x00000000d5d80000, 0x00000000e7e00000, 0x0000000100000000)
  eden space 250368K, 100% used [0x00000000d5d80000,0x00000000e5200000,0x00000000e5200000)
  from space 17408K, 99% used [0x00000000e6d00000,0x00000000e7de5b98,0x00000000e7e00000)
  to   space 19968K, 0% used [0x00000000e5700000,0x00000000e5700000,0x00000000e6a80000)
 ParOldGen       total 105472K, used 25758K [0x0000000081800000, 0x0000000087f00000, 0x00000000d5d80000)
  object space 105472K, 24% used [0x0000000081800000,0x0000000083127aa8,0x0000000087f00000)
 Metaspace       used 54469K, capacity 55140K, committed 55424K, reserved 1097728K
  class space    used 7075K, capacity 7242K, committed 7296K, reserved 1048576K
Event: 24.773 GC heap after
Heap after GC invocations=13 (full 2):
 PSYoungGen      total 275456K, used 19959K [0x00000000d5d80000, 0x00000000eb800000, 0x0000000100000000)
  eden space 255488K, 0% used [0x00000000d5d80000,0x00000000d5d80000,0x00000000e5700000)
  from space 19968K, 99% used [0x00000000e5700000,0x00000000e6a7dfb0,0x00000000e6a80000)
  to   space 25088K, 0% used [0x00000000e9f80000,0x00000000e9f80000,0x00000000eb800000)
 ParOldGen       total 105472K, used 32058K [0x0000000081800000, 0x0000000087f00000, 0x00000000d5d80000)
  object space 105472K, 30% used [0x0000000081800000,0x000000008374eb58,0x0000000087f00000)
 Metaspace       used 54469K, capacity 55140K, committed 55424K, reserved 1097728K
  class space    used 7075K, capacity 7242K, committed 7296K, reserved 1048576K
}
Event: 457.364 GC heap before
{Heap before GC invocations=14 (full 2):
 PSYoungGen      total 275456K, used 275447K [0x00000000d5d80000, 0x00000000eb800000, 0x0000000100000000)
  eden space 255488K, 100% used [0x00000000d5d80000,0x00000000e5700000,0x00000000e5700000)
  from space 19968K, 99% used [0x00000000e5700000,0x00000000e6a7dfb0,0x00000000e6a80000)
  to   space 25088K, 0% used [0x00000000e9f80000,0x00000000e9f80000,0x00000000eb800000)
 ParOldGen       total 105472K, used 32058K [0x0000000081800000, 0x0000000087f00000, 0x00000000d5d80000)
  object space 105472K, 30% used [0x0000000081800000,0x000000008374eb58,0x0000000087f00000)
 Metaspace       used 54923K, capacity 55682K, committed 55808K, reserved 1097728K
  class space    used 7148K, capacity 7343K, committed 7424K, reserved 1048576K
Event: 457.416 GC heap after
Heap after GC invocations=14 (full 2):
 PSYoungGen      total 322560K, used 15552K [0x00000000d5d80000, 0x00000000eb480000, 0x0000000100000000)
  eden space 301056K, 0% used [0x00000000d5d80000,0x00000000d5d80000,0x00000000e8380000)
  from space 21504K, 72% used [0x00000000e9f80000,0x00000000eaeb0110,0x00000000eb480000)
  to   space 25088K, 0% used [0x00000000e8380000,0x00000000e8380000,0x00000000e9c00000)
 ParOldGen       total 105472K, used 40550K [0x0000000081800000, 0x0000000087f00000, 0x00000000d5d80000)
  object space 105472K, 38% used [0x0000000081800000,0x0000000083f99be8,0x0000000087f00000)
 Metaspace       used 54923K, capacity 55682K, committed 55808K, reserved 1097728K
  class space    used 7148K, capacity 7343K, committed 7424K, reserved 1048576K
}
Event: 883.837 GC heap before
{Heap before GC invocations=15 (full 2):
 PSYoungGen      total 322560K, used 235609K [0x00000000d5d80000, 0x00000000eb480000, 0x0000000100000000)
  eden space 301056K, 73% used [0x00000000d5d80000,0x00000000e34665b0,0x00000000e8380000)
  from space 21504K, 72% used [0x00000000e9f80000,0x00000000eaeb0110,0x00000000eb480000)
  to   space 25088K, 0% used [0x00000000e8380000,0x00000000e8380000,0x00000000e9c00000)
 ParOldGen       total 105472K, used 40550K [0x0000000081800000, 0x0000000087f00000, 0x00000000d5d80000)
  object space 105472K, 38% used [0x0000000081800000,0x0000000083f99be8,0x0000000087f00000)
 Metaspace       used 55092K, capacity 55966K, committed 56064K, reserved 1097728K
  class space    used 7177K, capacity 7370K, committed 7424K, reserved 1048576K
Event: 883.862 GC heap after
Heap after GC invocations=15 (full 2):
 PSYoungGen      total 315392K, used 14192K [0x00000000d5d80000, 0x00000000eb380000, 0x0000000100000000)
  eden space 301056K, 0% used [0x00000000d5d80000,0x00000000d5d80000,0x00000000e8380000)
  from space 14336K, 98% used [0x00000000e8380000,0x00000000e915c060,0x00000000e9180000)
  to   space 24576K, 0% used [0x00000000e9b80000,0x00000000e9b80000,0x00000000eb380000)
 ParOldGen       total 105472K, used 40550K [0x0000000081800000, 0x0000000087f00000, 0x00000000d5d80000)
  object space 105472K, 38% used [0x0000000081800000,0x0000000083f99be8,0x0000000087f00000)
 Metaspace       used 55092K, capacity 55966K, committed 56064K, reserved 1097728K
  class space    used 7177K, capacity 7370K, committed 7424K, reserved 1048576K
}
Event: 883.862 GC heap before
{Heap before GC invocations=16 (full 3):
 PSYoungGen      total 315392K, used 14192K [0x00000000d5d80000, 0x00000000eb380000, 0x0000000100000000)
  eden space 301056K, 0% used [0x00000000d5d80000,0x00000000d5d80000,0x00000000e8380000)
  from space 14336K, 98% used [0x00000000e8380000,0x00000000e915c060,0x00000000e9180000)
  to   space 24576K, 0% used [0x00000000e9b80000,0x00000000e9b80000,0x00000000eb380000)
 ParOldGen       total 105472K, used 40550K [0x0000000081800000, 0x0000000087f00000, 0x00000000d5d80000)
  object space 105472K, 38% used [0x0000000081800000,0x0000000083f99be8,0x0000000087f00000)
 Metaspace       used 55092K, capacity 55966K, committed 56064K, reserved 1097728K
  class space    used 7177K, capacity 7370K, committed 7424K, reserved 1048576K
Event: 884.091 GC heap after
Heap after GC invocations=16 (full 3):
 PSYoungGen      total 315392K, used 0K [0x00000000d5d80000, 0x00000000eb380000, 0x0000000100000000)
  eden space 301056K, 0% used [0x00000000d5d80000,0x00000000d5d80000,0x00000000e8380000)
  from space 14336K, 0% used [0x00000000e8380000,0x00000000e8380000,0x00000000e9180000)
  to   space 24576K, 0% used [0x00000000e9b80000,0x00000000e9b80000,0x00000000eb380000)
 ParOldGen       total 105472K, used 39309K [0x0000000081800000, 0x0000000087f00000, 0x00000000d5d80000)
  object space 105472K, 37% used [0x0000000081800000,0x0000000083e636b8,0x0000000087f00000)
 Metaspace       used 55092K, capacity 55966K, committed 56064K, reserved 1097728K
  class space    used 7177K, capacity 7370K, committed 7424K, reserved 1048576K
}
Event: 918.479 GC heap before
{Heap before GC invocations=17 (full 3):
 PSYoungGen      total 315392K, used 301056K [0x00000000d5d80000, 0x00000000eb380000, 0x0000000100000000)
  eden space 301056K, 100% used [0x00000000d5d80000,0x00000000e8380000,0x00000000e8380000)
  from space 14336K, 0% used [0x00000000e8380000,0x00000000e8380000,0x00000000e9180000)
  to   space 24576K, 0% used [0x00000000e9b80000,0x00000000e9b80000,0x00000000eb380000)
 ParOldGen       total 105472K, used 39309K [0x0000000081800000, 0x0000000087f00000, 0x00000000d5d80000)
  object space 105472K, 37% used [0x0000000081800000,0x0000000083e636b8,0x0000000087f00000)
 Metaspace       used 55752K, capacity 56878K, committed 56960K, reserved 1099776K
  class space    used 7250K, capacity 7496K, committed 7552K, reserved 1048576K
Event: 918.501 GC heap after
Heap after GC invocations=17 (full 3):
 PSYoungGen      total 326144K, used 9411K [0x00000000d5d80000, 0x00000000ede00000, 0x0000000100000000)
  eden space 301568K, 0% used [0x00000000d5d80000,0x00000000d5d80000,0x00000000e8400000)
  from space 24576K, 38% used [0x00000000e9b80000,0x00000000ea4b0ea0,0x00000000eb380000)
  to   space 24064K, 0% used [0x00000000e8400000,0x00000000e8400000,0x00000000e9b80000)
 ParOldGen       total 105472K, used 39317K [0x0000000081800000, 0x0000000087f00000, 0x00000000d5d80000)
  object space 105472K, 37% used [0x0000000081800000,0x0000000083e656b8,0x0000000087f00000)
 Metaspace       used 55752K, capacity 56878K, committed 56960K, reserved 1099776K
  class space    used 7250K, capacity 7496K, committed 7552K, reserved 1048576K
}

